<?xml version="1.0" encoding="utf-8"?>
<coverage line-rate="0.41869999999999996" branch-rate="0.30469999999999997" version="1.9" timestamp="1770578091" lines-covered="848" lines-valid="2025" branches-covered="153" branches-valid="502">
  <sources>
    <source>/home/abdssamie/ChemforgeProjects/Quater/backend/src/Quater.Backend.Api/</source>
  </sources>
  <packages>
    <package name="Quater.Backend.Api" line-rate="0.41869999999999996" branch-rate="0.30469999999999997" complexity="592">
      <classes>
        <class name="Program/&lt;&lt;Main&gt;$&gt;d__0" filename="Program.cs" line-rate="0.42969999999999997" branch-rate="0.25" complexity="8">
          <methods>
            <method name="MoveNext" signature="()" line-rate="0.42969999999999997" branch-rate="0.25" complexity="8">
              <lines>
                <line number="16" hits="4" branch="False" />
                <line number="19" hits="4" branch="False" />
                <line number="20" hits="4" branch="False" />
                <line number="21" hits="4" branch="False" />
                <line number="23" hits="4" branch="False" />
                <line number="26" hits="4" branch="False" />
                <line number="27" hits="4" branch="False" />
                <line number="28" hits="4" branch="False" />
                <line number="29" hits="4" branch="False" />
                <line number="30" hits="0" branch="False" />
                <line number="31" hits="0" branch="False" />
                <line number="32" hits="0" branch="False" />
                <line number="33" hits="0" branch="False" />
                <line number="34" hits="0" branch="False" />
                <line number="35" hits="0" branch="False" />
                <line number="36" hits="0" branch="False" />
                <line number="37" hits="0" branch="False" />
                <line number="38" hits="0" branch="False" />
                <line number="39" hits="0" branch="False" />
                <line number="40" hits="0" branch="False" />
                <line number="41" hits="0" branch="False" />
                <line number="42" hits="4" branch="False" />
                <line number="43" hits="4" branch="False" />
                <line number="44" hits="0" branch="False" />
                <line number="45" hits="0" branch="False" />
                <line number="46" hits="0" branch="True" condition-coverage="0% (0/2)">
                  <conditions>
                    <condition number="136" type="jump" coverage="0%" />
                  </conditions>
                </line>
                <line number="47" hits="0" branch="False" />
                <line number="48" hits="0" branch="False" />
                <line number="49" hits="0" branch="False" />
                <line number="50" hits="4" branch="False" />
                <line number="51" hits="4" branch="False" />
                <line number="52" hits="0" branch="False" />
                <line number="53" hits="0" branch="False" />
                <line number="54" hits="0" branch="False" />
                <line number="55" hits="0" branch="False" />
                <line number="56" hits="0" branch="False" />
                <line number="57" hits="0" branch="False" />
                <line number="58" hits="4" branch="False" />
                <line number="59" hits="0" branch="False" />
                <line number="60" hits="0" branch="False" />
                <line number="61" hits="0" branch="False" />
                <line number="62" hits="0" branch="False" />
                <line number="63" hits="0" branch="False" />
                <line number="64" hits="0" branch="False" />
                <line number="65" hits="0" branch="False" />
                <line number="66" hits="0" branch="False" />
                <line number="67" hits="0" branch="False" />
                <line number="68" hits="0" branch="False" />
                <line number="69" hits="0" branch="False" />
                <line number="70" hits="0" branch="False" />
                <line number="71" hits="0" branch="False" />
                <line number="72" hits="0" branch="False" />
                <line number="73" hits="4" branch="False" />
                <line number="76" hits="4" branch="False" />
                <line number="77" hits="4" branch="False" />
                <line number="78" hits="4" branch="False" />
                <line number="79" hits="4" branch="False" />
                <line number="80" hits="4" branch="False" />
                <line number="81" hits="4" branch="False" />
                <line number="82" hits="0" branch="False" />
                <line number="83" hits="0" branch="False" />
                <line number="84" hits="0" branch="False" />
                <line number="85" hits="4" branch="False" />
                <line number="88" hits="4" branch="False" />
                <line number="89" hits="4" branch="False" />
                <line number="90" hits="4" branch="False" />
                <line number="91" hits="4" branch="False" />
                <line number="92" hits="4" branch="False" />
                <line number="93" hits="4" branch="False" />
                <line number="94" hits="8" branch="False" />
                <line number="97" hits="4" branch="False" />
                <line number="98" hits="4" branch="False" />
                <line number="99" hits="4" branch="False" />
                <line number="100" hits="4" branch="False" />
                <line number="106" hits="4" branch="False" />
                <line number="108" hits="4" branch="False" />
                <line number="111" hits="4" branch="False" />
                <line number="112" hits="4" branch="False" />
                <line number="115" hits="4" branch="False" />
                <line number="116" hits="4" branch="False" />
                <line number="119" hits="4" branch="False" />
                <line number="122" hits="4" branch="False" />
                <line number="125" hits="4" branch="False" />
                <line number="128" hits="4" branch="True" condition-coverage="50% (1/2)">
                  <conditions>
                    <condition number="594" type="jump" coverage="50%" />
                  </conditions>
                </line>
                <line number="129" hits="0" branch="False" />
                <line number="130" hits="0" branch="False" />
                <line number="131" hits="0" branch="False" />
                <line number="132" hits="0" branch="False" />
                <line number="134" hits="4" branch="False" />
                <line number="135" hits="4" branch="False" />
                <line number="136" hits="4" branch="False" />
                <line number="138" hits="4" branch="False" />
                <line number="139" hits="4" branch="False" />
                <line number="142" hits="4" branch="False" />
                <line number="143" hits="0" branch="False" />
                <line number="144" hits="0" branch="False" />
                <line number="145" hits="0" branch="True" condition-coverage="0% (0/2)">
                  <conditions>
                    <condition number="22" type="jump" coverage="0%" />
                  </conditions>
                </line>
                <line number="146" hits="0" branch="False" />
                <line number="147" hits="0" branch="False" />
                <line number="148" hits="0" branch="False" />
                <line number="149" hits="0" branch="False" />
                <line number="150" hits="0" branch="False" />
                <line number="151" hits="4" branch="False" />
                <line number="154" hits="4" branch="True" condition-coverage="50% (1/2)">
                  <conditions>
                    <condition number="763" type="jump" coverage="50%" />
                  </conditions>
                </line>
                <line number="155" hits="0" branch="False" />
                <line number="156" hits="0" branch="False" />
                <line number="157" hits="0" branch="False" />
                <line number="159" hits="0" branch="False" />
                <line number="160" hits="0" branch="False" />
                <line number="161" hits="0" branch="False" />
                <line number="164" hits="0" branch="False" />
                <line number="167" hits="0" branch="False" />
                <line number="170" hits="0" branch="False" />
                <line number="171" hits="0" branch="False" />
                <line number="172" hits="0" branch="False" />
                <line number="173" hits="0" branch="False" />
                <line number="174" hits="0" branch="False" />
                <line number="175" hits="0" branch="False" />
                <line number="176" hits="0" branch="False" />
                <line number="177" hits="0" branch="False" />
                <line number="179" hits="4" branch="False" />
              </lines>
            </method>
          </methods>
          <lines>
            <line number="16" hits="4" branch="False" />
            <line number="19" hits="4" branch="False" />
            <line number="20" hits="4" branch="False" />
            <line number="21" hits="4" branch="False" />
            <line number="23" hits="4" branch="False" />
            <line number="26" hits="4" branch="False" />
            <line number="27" hits="4" branch="False" />
            <line number="28" hits="4" branch="False" />
            <line number="29" hits="4" branch="False" />
            <line number="30" hits="0" branch="False" />
            <line number="31" hits="0" branch="False" />
            <line number="32" hits="0" branch="False" />
            <line number="33" hits="0" branch="False" />
            <line number="34" hits="0" branch="False" />
            <line number="35" hits="0" branch="False" />
            <line number="36" hits="0" branch="False" />
            <line number="37" hits="0" branch="False" />
            <line number="38" hits="0" branch="False" />
            <line number="39" hits="0" branch="False" />
            <line number="40" hits="0" branch="False" />
            <line number="41" hits="0" branch="False" />
            <line number="42" hits="4" branch="False" />
            <line number="43" hits="4" branch="False" />
            <line number="44" hits="0" branch="False" />
            <line number="45" hits="0" branch="False" />
            <line number="46" hits="0" branch="True" condition-coverage="0% (0/2)">
              <conditions>
                <condition number="136" type="jump" coverage="0%" />
              </conditions>
            </line>
            <line number="47" hits="0" branch="False" />
            <line number="48" hits="0" branch="False" />
            <line number="49" hits="0" branch="False" />
            <line number="50" hits="4" branch="False" />
            <line number="51" hits="4" branch="False" />
            <line number="52" hits="0" branch="False" />
            <line number="53" hits="0" branch="False" />
            <line number="54" hits="0" branch="False" />
            <line number="55" hits="0" branch="False" />
            <line number="56" hits="0" branch="False" />
            <line number="57" hits="0" branch="False" />
            <line number="58" hits="4" branch="False" />
            <line number="59" hits="0" branch="False" />
            <line number="60" hits="0" branch="False" />
            <line number="61" hits="0" branch="False" />
            <line number="62" hits="0" branch="False" />
            <line number="63" hits="0" branch="False" />
            <line number="64" hits="0" branch="False" />
            <line number="65" hits="0" branch="False" />
            <line number="66" hits="0" branch="False" />
            <line number="67" hits="0" branch="False" />
            <line number="68" hits="0" branch="False" />
            <line number="69" hits="0" branch="False" />
            <line number="70" hits="0" branch="False" />
            <line number="71" hits="0" branch="False" />
            <line number="72" hits="0" branch="False" />
            <line number="73" hits="4" branch="False" />
            <line number="76" hits="4" branch="False" />
            <line number="77" hits="4" branch="False" />
            <line number="78" hits="4" branch="False" />
            <line number="79" hits="4" branch="False" />
            <line number="80" hits="4" branch="False" />
            <line number="81" hits="4" branch="False" />
            <line number="82" hits="0" branch="False" />
            <line number="83" hits="0" branch="False" />
            <line number="84" hits="0" branch="False" />
            <line number="85" hits="4" branch="False" />
            <line number="88" hits="4" branch="False" />
            <line number="89" hits="4" branch="False" />
            <line number="90" hits="4" branch="False" />
            <line number="91" hits="4" branch="False" />
            <line number="92" hits="4" branch="False" />
            <line number="93" hits="4" branch="False" />
            <line number="94" hits="8" branch="False" />
            <line number="97" hits="4" branch="False" />
            <line number="98" hits="4" branch="False" />
            <line number="99" hits="4" branch="False" />
            <line number="100" hits="4" branch="False" />
            <line number="106" hits="4" branch="False" />
            <line number="108" hits="4" branch="False" />
            <line number="111" hits="4" branch="False" />
            <line number="112" hits="4" branch="False" />
            <line number="115" hits="4" branch="False" />
            <line number="116" hits="4" branch="False" />
            <line number="119" hits="4" branch="False" />
            <line number="122" hits="4" branch="False" />
            <line number="125" hits="4" branch="False" />
            <line number="128" hits="4" branch="True" condition-coverage="50% (1/2)">
              <conditions>
                <condition number="594" type="jump" coverage="50%" />
              </conditions>
            </line>
            <line number="129" hits="0" branch="False" />
            <line number="130" hits="0" branch="False" />
            <line number="131" hits="0" branch="False" />
            <line number="132" hits="0" branch="False" />
            <line number="134" hits="4" branch="False" />
            <line number="135" hits="4" branch="False" />
            <line number="136" hits="4" branch="False" />
            <line number="138" hits="4" branch="False" />
            <line number="139" hits="4" branch="False" />
            <line number="142" hits="4" branch="False" />
            <line number="143" hits="0" branch="False" />
            <line number="144" hits="0" branch="False" />
            <line number="145" hits="0" branch="True" condition-coverage="0% (0/2)">
              <conditions>
                <condition number="22" type="jump" coverage="0%" />
              </conditions>
            </line>
            <line number="146" hits="0" branch="False" />
            <line number="147" hits="0" branch="False" />
            <line number="148" hits="0" branch="False" />
            <line number="149" hits="0" branch="False" />
            <line number="150" hits="0" branch="False" />
            <line number="151" hits="4" branch="False" />
            <line number="154" hits="4" branch="True" condition-coverage="50% (1/2)">
              <conditions>
                <condition number="763" type="jump" coverage="50%" />
              </conditions>
            </line>
            <line number="155" hits="0" branch="False" />
            <line number="156" hits="0" branch="False" />
            <line number="157" hits="0" branch="False" />
            <line number="159" hits="0" branch="False" />
            <line number="160" hits="0" branch="False" />
            <line number="161" hits="0" branch="False" />
            <line number="164" hits="0" branch="False" />
            <line number="167" hits="0" branch="False" />
            <line number="170" hits="0" branch="False" />
            <line number="171" hits="0" branch="False" />
            <line number="172" hits="0" branch="False" />
            <line number="173" hits="0" branch="False" />
            <line number="174" hits="0" branch="False" />
            <line number="175" hits="0" branch="False" />
            <line number="176" hits="0" branch="False" />
            <line number="177" hits="0" branch="False" />
            <line number="179" hits="4" branch="False" />
          </lines>
        </class>
        <class name="Quater.Backend.Api.Seeders.OpenIddictSeeder/&lt;SeedAsync&gt;d__0" filename="Seeders/OpenIddictSeeder.cs" line-rate="0" branch-rate="0" complexity="4">
          <methods>
            <method name="MoveNext" signature="()" line-rate="0" branch-rate="0" complexity="4">
              <lines>
                <line number="15" hits="0" branch="False" />
                <line number="16" hits="0" branch="False" />
                <line number="19" hits="0" branch="True" condition-coverage="0% (0/2)">
                  <conditions>
                    <condition number="58" type="jump" coverage="0%" />
                  </conditions>
                </line>
                <line number="22" hits="0" branch="False" />
                <line number="23" hits="0" branch="True" condition-coverage="0% (0/2)">
                  <conditions>
                    <condition number="228" type="jump" coverage="0%" />
                  </conditions>
                </line>
                <line number="24" hits="0" branch="False" />
                <line number="25" hits="0" branch="False" />
                <line number="29" hits="0" branch="False" />
                <line number="30" hits="0" branch="False" />
                <line number="31" hits="0" branch="False" />
                <line number="32" hits="0" branch="False" />
                <line number="33" hits="0" branch="False" />
                <line number="34" hits="0" branch="False" />
                <line number="35" hits="0" branch="False" />
                <line number="36" hits="0" branch="False" />
                <line number="37" hits="0" branch="False" />
                <line number="38" hits="0" branch="False" />
                <line number="39" hits="0" branch="False" />
                <line number="40" hits="0" branch="False" />
                <line number="41" hits="0" branch="False" />
                <line number="42" hits="0" branch="False" />
                <line number="43" hits="0" branch="False" />
                <line number="44" hits="0" branch="False" />
                <line number="45" hits="0" branch="False" />
                <line number="46" hits="0" branch="False" />
                <line number="47" hits="0" branch="False" />
                <line number="48" hits="0" branch="False" />
                <line number="49" hits="0" branch="False" />
                <line number="50" hits="0" branch="False" />
                <line number="51" hits="0" branch="False" />
                <line number="52" hits="0" branch="False" />
                <line number="53" hits="0" branch="False" />
                <line number="54" hits="0" branch="False" />
                <line number="55" hits="0" branch="False" />
                <line number="56" hits="0" branch="False" />
                <line number="57" hits="0" branch="False" />
                <line number="59" hits="0" branch="False" />
                <line number="60" hits="0" branch="False" />
              </lines>
            </method>
          </methods>
          <lines>
            <line number="15" hits="0" branch="False" />
            <line number="16" hits="0" branch="False" />
            <line number="19" hits="0" branch="True" condition-coverage="0% (0/2)">
              <conditions>
                <condition number="58" type="jump" coverage="0%" />
              </conditions>
            </line>
            <line number="22" hits="0" branch="False" />
            <line number="23" hits="0" branch="True" condition-coverage="0% (0/2)">
              <conditions>
                <condition number="228" type="jump" coverage="0%" />
              </conditions>
            </line>
            <line number="24" hits="0" branch="False" />
            <line number="25" hits="0" branch="False" />
            <line number="29" hits="0" branch="False" />
            <line number="30" hits="0" branch="False" />
            <line number="31" hits="0" branch="False" />
            <line number="32" hits="0" branch="False" />
            <line number="33" hits="0" branch="False" />
            <line number="34" hits="0" branch="False" />
            <line number="35" hits="0" branch="False" />
            <line number="36" hits="0" branch="False" />
            <line number="37" hits="0" branch="False" />
            <line number="38" hits="0" branch="False" />
            <line number="39" hits="0" branch="False" />
            <line number="40" hits="0" branch="False" />
            <line number="41" hits="0" branch="False" />
            <line number="42" hits="0" branch="False" />
            <line number="43" hits="0" branch="False" />
            <line number="44" hits="0" branch="False" />
            <line number="45" hits="0" branch="False" />
            <line number="46" hits="0" branch="False" />
            <line number="47" hits="0" branch="False" />
            <line number="48" hits="0" branch="False" />
            <line number="49" hits="0" branch="False" />
            <line number="50" hits="0" branch="False" />
            <line number="51" hits="0" branch="False" />
            <line number="52" hits="0" branch="False" />
            <line number="53" hits="0" branch="False" />
            <line number="54" hits="0" branch="False" />
            <line number="55" hits="0" branch="False" />
            <line number="56" hits="0" branch="False" />
            <line number="57" hits="0" branch="False" />
            <line number="59" hits="0" branch="False" />
            <line number="60" hits="0" branch="False" />
          </lines>
        </class>
        <class name="Quater.Backend.Api.Pages.Account.LoginModel" filename="Pages/Account/Login.cshtml.cs" line-rate="1" branch-rate="1" complexity="6">
          <methods>
            <method name="get_Email" signature="()" line-rate="1" branch-rate="1" complexity="1">
              <lines>
                <line number="30" hits="140" branch="False" />
              </lines>
            </method>
            <method name="get_Password" signature="()" line-rate="1" branch-rate="1" complexity="1">
              <lines>
                <line number="34" hits="80" branch="False" />
              </lines>
            </method>
            <method name="get_ReturnUrl" signature="()" line-rate="1" branch-rate="1" complexity="1">
              <lines>
                <line number="36" hits="60" branch="False" />
              </lines>
            </method>
            <method name="get_ErrorMessage" signature="()" line-rate="1" branch-rate="1" complexity="1">
              <lines>
                <line number="38" hits="20" branch="False" />
              </lines>
            </method>
            <method name="OnGet" signature="(System.String)" line-rate="1" branch-rate="1" complexity="1">
              <lines>
                <line number="41" hits="20" branch="False" />
                <line number="42" hits="20" branch="False" />
                <line number="43" hits="20" branch="False" />
              </lines>
            </method>
            <method name=".ctor" signature="(Microsoft.AspNetCore.Identity.SignInManager`1&lt;Quater.Shared.Models.User&gt;,Microsoft.AspNetCore.Identity.UserManager`1&lt;Quater.Shared.Models.User&gt;,Microsoft.Extensions.Logging.ILogger`1&lt;Quater.Backend.Api.Pages.Account.LoginModel&gt;,StackExchange.Redis.IConnectionMultiplexer)" line-rate="1" branch-rate="1" complexity="1">
              <lines>
                <line number="18" hits="40" branch="False" />
                <line number="19" hits="40" branch="False" />
                <line number="20" hits="40" branch="False" />
                <line number="21" hits="40" branch="False" />
                <line number="22" hits="40" branch="False" />
              </lines>
            </method>
          </methods>
          <lines>
            <line number="30" hits="140" branch="False" />
            <line number="34" hits="80" branch="False" />
            <line number="36" hits="60" branch="False" />
            <line number="38" hits="20" branch="False" />
            <line number="41" hits="20" branch="False" />
            <line number="42" hits="20" branch="False" />
            <line number="43" hits="20" branch="False" />
            <line number="18" hits="40" branch="False" />
            <line number="19" hits="40" branch="False" />
            <line number="20" hits="40" branch="False" />
            <line number="21" hits="40" branch="False" />
            <line number="22" hits="40" branch="False" />
          </lines>
        </class>
        <class name="Quater.Backend.Api.Pages.Account.LoginModel/&lt;OnPostAsync&gt;d__24" filename="Pages/Account/Login.cshtml.cs" line-rate="0.42590000000000006" branch-rate="0.5454" complexity="22">
          <methods>
            <method name="MoveNext" signature="()" line-rate="0.42590000000000006" branch-rate="0.5454" complexity="22">
              <lines>
                <line number="46" hits="20" branch="False" />
                <line number="47" hits="20" branch="False" />
                <line number="49" hits="20" branch="True" condition-coverage="50% (1/2)">
                  <conditions>
                    <condition number="100" type="jump" coverage="50%" />
                  </conditions>
                </line>
                <line number="50" hits="0" branch="False" />
                <line number="51" hits="0" branch="False" />
                <line number="55" hits="20" branch="True" condition-coverage="75% (3/4)">
                  <conditions>
                    <condition number="143" type="jump" coverage="50%" />
                    <condition number="155" type="jump" coverage="100%" />
                  </conditions>
                </line>
                <line number="56" hits="20" branch="False" />
                <line number="57" hits="20" branch="False" />
                <line number="59" hits="20" branch="False" />
                <line number="62" hits="20" branch="True" condition-coverage="100% (2/2)">
                  <conditions>
                    <condition number="361" type="jump" coverage="100%" />
                  </conditions>
                </line>
                <line number="63" hits="20" branch="False" />
                <line number="64" hits="20" branch="False" />
                <line number="65" hits="20" branch="False" />
                <line number="67" hits="20" branch="True" condition-coverage="50% (1/2)">
                  <conditions>
                    <condition number="513" type="jump" coverage="50%" />
                  </conditions>
                </line>
                <line number="68" hits="0" branch="False" />
                <line number="69" hits="0" branch="False" />
                <line number="70" hits="0" branch="False" />
                <line number="71" hits="0" branch="False" />
                <line number="72" hits="0" branch="False" />
                <line number="73" hits="0" branch="False" />
                <line number="75" hits="0" branch="False" />
                <line number="76" hits="0" branch="False" />
                <line number="83" hits="20" branch="False" />
                <line number="84" hits="20" branch="False" />
                <line number="85" hits="20" branch="False" />
                <line number="86" hits="20" branch="False" />
                <line number="87" hits="20" branch="False" />
                <line number="89" hits="20" branch="True" condition-coverage="50% (1/2)">
                  <conditions>
                    <condition number="786" type="jump" coverage="50%" />
                  </conditions>
                </line>
                <line number="90" hits="0" branch="False" />
                <line number="92" hits="0" branch="True" condition-coverage="0% (0/2)">
                  <conditions>
                    <condition number="807" type="jump" coverage="0%" />
                  </conditions>
                </line>
                <line number="93" hits="0" branch="False" />
                <line number="94" hits="0" branch="False" />
                <line number="95" hits="0" branch="False" />
                <line number="96" hits="0" branch="False" />
                <line number="97" hits="0" branch="True" condition-coverage="0% (0/2)">
                  <conditions>
                    <condition number="890" type="jump" coverage="0%" />
                  </conditions>
                </line>
                <line number="98" hits="0" branch="False" />
                <line number="99" hits="0" branch="False" />
                <line number="100" hits="0" branch="False" />
                <line number="101" hits="0" branch="False" />
                <line number="103" hits="0" branch="False" />
                <line number="104" hits="0" branch="False" />
                <line number="105" hits="0" branch="False" />
                <line number="106" hits="0" branch="False" />
                <line number="108" hits="0" branch="False" />
                <line number="114" hits="20" branch="False" />
                <line number="115" hits="20" branch="True" condition-coverage="50% (2/4)">
                  <conditions>
                    <condition number="1184" type="jump" coverage="50%" />
                    <condition number="1207" type="jump" coverage="50%" />
                  </conditions>
                </line>
                <line number="116" hits="0" branch="False" />
                <line number="118" hits="0" branch="False" />
                <line number="119" hits="0" branch="False" />
                <line number="120" hits="0" branch="False" />
                <line number="121" hits="0" branch="False" />
                <line number="124" hits="20" branch="False" />
                <line number="125" hits="20" branch="True" condition-coverage="100% (2/2)">
                  <conditions>
                    <condition number="1454" type="jump" coverage="100%" />
                  </conditions>
                </line>
                <line number="126" hits="20" branch="False" />
              </lines>
            </method>
          </methods>
          <lines>
            <line number="46" hits="20" branch="False" />
            <line number="47" hits="20" branch="False" />
            <line number="49" hits="20" branch="True" condition-coverage="50% (1/2)">
              <conditions>
                <condition number="100" type="jump" coverage="50%" />
              </conditions>
            </line>
            <line number="50" hits="0" branch="False" />
            <line number="51" hits="0" branch="False" />
            <line number="55" hits="20" branch="True" condition-coverage="75% (3/4)">
              <conditions>
                <condition number="143" type="jump" coverage="50%" />
                <condition number="155" type="jump" coverage="100%" />
              </conditions>
            </line>
            <line number="56" hits="20" branch="False" />
            <line number="57" hits="20" branch="False" />
            <line number="59" hits="20" branch="False" />
            <line number="62" hits="20" branch="True" condition-coverage="100% (2/2)">
              <conditions>
                <condition number="361" type="jump" coverage="100%" />
              </conditions>
            </line>
            <line number="63" hits="20" branch="False" />
            <line number="64" hits="20" branch="False" />
            <line number="65" hits="20" branch="False" />
            <line number="67" hits="20" branch="True" condition-coverage="50% (1/2)">
              <conditions>
                <condition number="513" type="jump" coverage="50%" />
              </conditions>
            </line>
            <line number="68" hits="0" branch="False" />
            <line number="69" hits="0" branch="False" />
            <line number="70" hits="0" branch="False" />
            <line number="71" hits="0" branch="False" />
            <line number="72" hits="0" branch="False" />
            <line number="73" hits="0" branch="False" />
            <line number="75" hits="0" branch="False" />
            <line number="76" hits="0" branch="False" />
            <line number="83" hits="20" branch="False" />
            <line number="84" hits="20" branch="False" />
            <line number="85" hits="20" branch="False" />
            <line number="86" hits="20" branch="False" />
            <line number="87" hits="20" branch="False" />
            <line number="89" hits="20" branch="True" condition-coverage="50% (1/2)">
              <conditions>
                <condition number="786" type="jump" coverage="50%" />
              </conditions>
            </line>
            <line number="90" hits="0" branch="False" />
            <line number="92" hits="0" branch="True" condition-coverage="0% (0/2)">
              <conditions>
                <condition number="807" type="jump" coverage="0%" />
              </conditions>
            </line>
            <line number="93" hits="0" branch="False" />
            <line number="94" hits="0" branch="False" />
            <line number="95" hits="0" branch="False" />
            <line number="96" hits="0" branch="False" />
            <line number="97" hits="0" branch="True" condition-coverage="0% (0/2)">
              <conditions>
                <condition number="890" type="jump" coverage="0%" />
              </conditions>
            </line>
            <line number="98" hits="0" branch="False" />
            <line number="99" hits="0" branch="False" />
            <line number="100" hits="0" branch="False" />
            <line number="101" hits="0" branch="False" />
            <line number="103" hits="0" branch="False" />
            <line number="104" hits="0" branch="False" />
            <line number="105" hits="0" branch="False" />
            <line number="106" hits="0" branch="False" />
            <line number="108" hits="0" branch="False" />
            <line number="114" hits="20" branch="False" />
            <line number="115" hits="20" branch="True" condition-coverage="50% (2/4)">
              <conditions>
                <condition number="1184" type="jump" coverage="50%" />
                <condition number="1207" type="jump" coverage="50%" />
              </conditions>
            </line>
            <line number="116" hits="0" branch="False" />
            <line number="118" hits="0" branch="False" />
            <line number="119" hits="0" branch="False" />
            <line number="120" hits="0" branch="False" />
            <line number="121" hits="0" branch="False" />
            <line number="124" hits="20" branch="False" />
            <line number="125" hits="20" branch="True" condition-coverage="100% (2/2)">
              <conditions>
                <condition number="1454" type="jump" coverage="100%" />
              </conditions>
            </line>
            <line number="126" hits="20" branch="False" />
          </lines>
        </class>
        <class name="Quater.Backend.Api.Pages.Account.Pages_Account_Login/&lt;&lt;ExecuteAsync&gt;b__21_1&gt;d" filename="Pages/Account/Login.cshtml" line-rate="0.3333" branch-rate="0.6666" complexity="6">
          <methods>
            <method name="MoveNext" signature="()" line-rate="0.3333" branch-rate="0.6666" complexity="6">
              <lines>
                <line number="111" hits="20" branch="True" condition-coverage="50% (1/2)">
                  <conditions>
                    <condition number="72" type="jump" coverage="50%" />
                  </conditions>
                </line>
                <line number="112" hits="0" branch="False" />
                <line number="114" hits="0" branch="True" condition-coverage="75% (3/4)">
                  <conditions>
                    <condition number="385" type="jump" coverage="50%" />
                    <condition number="715" type="jump" coverage="100%" />
                  </conditions>
                </line>
              </lines>
            </method>
          </methods>
          <lines>
            <line number="111" hits="20" branch="True" condition-coverage="50% (1/2)">
              <conditions>
                <condition number="72" type="jump" coverage="50%" />
              </conditions>
            </line>
            <line number="112" hits="0" branch="False" />
            <line number="114" hits="0" branch="True" condition-coverage="75% (3/4)">
              <conditions>
                <condition number="385" type="jump" coverage="50%" />
                <condition number="715" type="jump" coverage="100%" />
              </conditions>
            </line>
          </lines>
        </class>
        <class name="Quater.Backend.Api.Pages.Account.Pages_Account_Login/&lt;ExecuteAsync&gt;d__21" filename="Pages/Account/Login.cshtml" line-rate="1" branch-rate="1" complexity="4">
          <methods>
            <method name="MoveNext" signature="()" line-rate="1" branch-rate="1" complexity="4">
              <lines>
                <line number="4" hits="20" branch="True" condition-coverage="100% (4/4)">
                  <conditions>
                    <condition number="330" type="jump" coverage="100%" />
                    <condition number="768" type="jump" coverage="100%" />
                  </conditions>
                </line>
              </lines>
            </method>
          </methods>
          <lines>
            <line number="4" hits="20" branch="True" condition-coverage="100% (4/4)">
              <conditions>
                <condition number="330" type="jump" coverage="100%" />
                <condition number="768" type="jump" coverage="100%" />
              </conditions>
            </line>
          </lines>
        </class>
        <class name="Quater.Backend.Api.Middleware.GlobalExceptionHandlerMiddleware" filename="Middleware/GlobalExceptionHandlerMiddleware.cs" line-rate="1" branch-rate="1" complexity="1">
          <methods>
            <method name=".ctor" signature="(Microsoft.AspNetCore.Http.RequestDelegate,Microsoft.Extensions.Logging.ILogger`1&lt;Quater.Backend.Api.Middleware.GlobalExceptionHandlerMiddleware&gt;,Microsoft.Extensions.Hosting.IHostEnvironment)" line-rate="1" branch-rate="1" complexity="1">
              <lines>
                <line number="19" hits="4" branch="False" />
                <line number="20" hits="4" branch="False" />
                <line number="21" hits="4" branch="False" />
                <line number="22" hits="4" branch="False" />
                <line number="23" hits="4" branch="False" />
                <line number="24" hits="4" branch="False" />
                <line number="25" hits="4" branch="False" />
                <line number="26" hits="4" branch="False" />
                <line number="27" hits="4" branch="False" />
              </lines>
            </method>
          </methods>
          <lines>
            <line number="19" hits="4" branch="False" />
            <line number="20" hits="4" branch="False" />
            <line number="21" hits="4" branch="False" />
            <line number="22" hits="4" branch="False" />
            <line number="23" hits="4" branch="False" />
            <line number="24" hits="4" branch="False" />
            <line number="25" hits="4" branch="False" />
            <line number="26" hits="4" branch="False" />
            <line number="27" hits="4" branch="False" />
          </lines>
        </class>
        <class name="Quater.Backend.Api.Middleware.GlobalExceptionHandlerMiddleware/&lt;&gt;c" filename="Middleware/GlobalExceptionHandlerMiddleware.cs" line-rate="0" branch-rate="1" complexity="1">
          <methods>
            <method name="&lt;HandleExceptionAsync&gt;b__5_0" signature="(FluentValidation.Results.ValidationFailure)" line-rate="0" branch-rate="1" complexity="1">
              <lines>
                <line number="52" hits="0" branch="False" />
              </lines>
            </method>
          </methods>
          <lines>
            <line number="52" hits="0" branch="False" />
          </lines>
        </class>
        <class name="Quater.Backend.Api.Middleware.GlobalExceptionHandlerMiddleware/&lt;HandleExceptionAsync&gt;d__5" filename="Middleware/GlobalExceptionHandlerMiddleware.cs" line-rate="0" branch-rate="0" complexity="26">
          <methods>
            <method name="MoveNext" signature="()" line-rate="0" branch-rate="0" complexity="26">
              <lines>
                <line number="42" hits="0" branch="False" />
                <line number="44" hits="0" branch="False" />
                <line number="47" hits="0" branch="True" condition-coverage="0% (0/20)">
                  <conditions>
                    <condition number="93" type="jump" coverage="0%" />
                    <condition number="109" type="jump" coverage="0%" />
                    <condition number="125" type="jump" coverage="0%" />
                    <condition number="141" type="jump" coverage="0%" />
                    <condition number="157" type="jump" coverage="0%" />
                    <condition number="173" type="jump" coverage="0%" />
                    <condition number="189" type="jump" coverage="0%" />
                    <condition number="205" type="jump" coverage="0%" />
                    <condition number="221" type="jump" coverage="0%" />
                    <condition number="237" type="jump" coverage="0%" />
                  </conditions>
                </line>
                <line number="48" hits="0" branch="False" />
                <line number="49" hits="0" branch="False" />
                <line number="50" hits="0" branch="False" />
                <line number="51" hits="0" branch="False" />
                <line number="53" hits="0" branch="False" />
                <line number="54" hits="0" branch="False" />
                <line number="55" hits="0" branch="False" />
                <line number="56" hits="0" branch="False" />
                <line number="57" hits="0" branch="False" />
                <line number="58" hits="0" branch="False" />
                <line number="59" hits="0" branch="False" />
                <line number="60" hits="0" branch="False" />
                <line number="61" hits="0" branch="False" />
                <line number="62" hits="0" branch="False" />
                <line number="63" hits="0" branch="False" />
                <line number="64" hits="0" branch="False" />
                <line number="65" hits="0" branch="False" />
                <line number="66" hits="0" branch="False" />
                <line number="67" hits="0" branch="False" />
                <line number="68" hits="0" branch="False" />
                <line number="69" hits="0" branch="False" />
                <line number="70" hits="0" branch="False" />
                <line number="71" hits="0" branch="False" />
                <line number="72" hits="0" branch="False" />
                <line number="73" hits="0" branch="False" />
                <line number="74" hits="0" branch="False" />
                <line number="75" hits="0" branch="False" />
                <line number="76" hits="0" branch="False" />
                <line number="77" hits="0" branch="False" />
                <line number="78" hits="0" branch="False" />
                <line number="79" hits="0" branch="False" />
                <line number="80" hits="0" branch="False" />
                <line number="81" hits="0" branch="False" />
                <line number="82" hits="0" branch="False" />
                <line number="83" hits="0" branch="False" />
                <line number="84" hits="0" branch="False" />
                <line number="85" hits="0" branch="False" />
                <line number="86" hits="0" branch="False" />
                <line number="87" hits="0" branch="False" />
                <line number="88" hits="0" branch="False" />
                <line number="89" hits="0" branch="False" />
                <line number="90" hits="0" branch="False" />
                <line number="91" hits="0" branch="False" />
                <line number="92" hits="0" branch="False" />
                <line number="93" hits="0" branch="False" />
                <line number="94" hits="0" branch="False" />
                <line number="95" hits="0" branch="False" />
                <line number="96" hits="0" branch="False" />
                <line number="97" hits="0" branch="False" />
                <line number="98" hits="0" branch="False" />
                <line number="99" hits="0" branch="True" condition-coverage="0% (0/2)">
                  <conditions>
                    <condition number="565" type="jump" coverage="0%" />
                  </conditions>
                </line>
                <line number="100" hits="0" branch="False" />
                <line number="101" hits="0" branch="False" />
                <line number="102" hits="0" branch="False" />
                <line number="103" hits="0" branch="False" />
                <line number="104" hits="0" branch="False" />
                <line number="105" hits="0" branch="False" />
                <line number="106" hits="0" branch="False" />
                <line number="109" hits="0" branch="False" />
                <line number="110" hits="0" branch="False" />
                <line number="111" hits="0" branch="False" />
                <line number="112" hits="0" branch="False" />
                <line number="113" hits="0" branch="False" />
                <line number="114" hits="0" branch="False" />
                <line number="115" hits="0" branch="False" />
                <line number="116" hits="0" branch="False" />
                <line number="119" hits="0" branch="True" condition-coverage="0% (0/2)">
                  <conditions>
                    <condition number="773" type="jump" coverage="0%" />
                  </conditions>
                </line>
                <line number="120" hits="0" branch="False" />
                <line number="121" hits="0" branch="False" />
                <line number="122" hits="0" branch="True" condition-coverage="0% (0/2)">
                  <conditions>
                    <condition number="817" type="jump" coverage="0%" />
                  </conditions>
                </line>
                <line number="123" hits="0" branch="False" />
                <line number="126" hits="0" branch="False" />
                <line number="127" hits="0" branch="False" />
                <line number="129" hits="0" branch="False" />
                <line number="130" hits="0" branch="False" />
                <line number="131" hits="0" branch="False" />
                <line number="132" hits="0" branch="False" />
                <line number="133" hits="0" branch="False" />
                <line number="135" hits="0" branch="False" />
                <line number="136" hits="0" branch="False" />
              </lines>
            </method>
          </methods>
          <lines>
            <line number="42" hits="0" branch="False" />
            <line number="44" hits="0" branch="False" />
            <line number="47" hits="0" branch="True" condition-coverage="0% (0/20)">
              <conditions>
                <condition number="93" type="jump" coverage="0%" />
                <condition number="109" type="jump" coverage="0%" />
                <condition number="125" type="jump" coverage="0%" />
                <condition number="141" type="jump" coverage="0%" />
                <condition number="157" type="jump" coverage="0%" />
                <condition number="173" type="jump" coverage="0%" />
                <condition number="189" type="jump" coverage="0%" />
                <condition number="205" type="jump" coverage="0%" />
                <condition number="221" type="jump" coverage="0%" />
                <condition number="237" type="jump" coverage="0%" />
              </conditions>
            </line>
            <line number="48" hits="0" branch="False" />
            <line number="49" hits="0" branch="False" />
            <line number="50" hits="0" branch="False" />
            <line number="51" hits="0" branch="False" />
            <line number="53" hits="0" branch="False" />
            <line number="54" hits="0" branch="False" />
            <line number="55" hits="0" branch="False" />
            <line number="56" hits="0" branch="False" />
            <line number="57" hits="0" branch="False" />
            <line number="58" hits="0" branch="False" />
            <line number="59" hits="0" branch="False" />
            <line number="60" hits="0" branch="False" />
            <line number="61" hits="0" branch="False" />
            <line number="62" hits="0" branch="False" />
            <line number="63" hits="0" branch="False" />
            <line number="64" hits="0" branch="False" />
            <line number="65" hits="0" branch="False" />
            <line number="66" hits="0" branch="False" />
            <line number="67" hits="0" branch="False" />
            <line number="68" hits="0" branch="False" />
            <line number="69" hits="0" branch="False" />
            <line number="70" hits="0" branch="False" />
            <line number="71" hits="0" branch="False" />
            <line number="72" hits="0" branch="False" />
            <line number="73" hits="0" branch="False" />
            <line number="74" hits="0" branch="False" />
            <line number="75" hits="0" branch="False" />
            <line number="76" hits="0" branch="False" />
            <line number="77" hits="0" branch="False" />
            <line number="78" hits="0" branch="False" />
            <line number="79" hits="0" branch="False" />
            <line number="80" hits="0" branch="False" />
            <line number="81" hits="0" branch="False" />
            <line number="82" hits="0" branch="False" />
            <line number="83" hits="0" branch="False" />
            <line number="84" hits="0" branch="False" />
            <line number="85" hits="0" branch="False" />
            <line number="86" hits="0" branch="False" />
            <line number="87" hits="0" branch="False" />
            <line number="88" hits="0" branch="False" />
            <line number="89" hits="0" branch="False" />
            <line number="90" hits="0" branch="False" />
            <line number="91" hits="0" branch="False" />
            <line number="92" hits="0" branch="False" />
            <line number="93" hits="0" branch="False" />
            <line number="94" hits="0" branch="False" />
            <line number="95" hits="0" branch="False" />
            <line number="96" hits="0" branch="False" />
            <line number="97" hits="0" branch="False" />
            <line number="98" hits="0" branch="False" />
            <line number="99" hits="0" branch="True" condition-coverage="0% (0/2)">
              <conditions>
                <condition number="565" type="jump" coverage="0%" />
              </conditions>
            </line>
            <line number="100" hits="0" branch="False" />
            <line number="101" hits="0" branch="False" />
            <line number="102" hits="0" branch="False" />
            <line number="103" hits="0" branch="False" />
            <line number="104" hits="0" branch="False" />
            <line number="105" hits="0" branch="False" />
            <line number="106" hits="0" branch="False" />
            <line number="109" hits="0" branch="False" />
            <line number="110" hits="0" branch="False" />
            <line number="111" hits="0" branch="False" />
            <line number="112" hits="0" branch="False" />
            <line number="113" hits="0" branch="False" />
            <line number="114" hits="0" branch="False" />
            <line number="115" hits="0" branch="False" />
            <line number="116" hits="0" branch="False" />
            <line number="119" hits="0" branch="True" condition-coverage="0% (0/2)">
              <conditions>
                <condition number="773" type="jump" coverage="0%" />
              </conditions>
            </line>
            <line number="120" hits="0" branch="False" />
            <line number="121" hits="0" branch="False" />
            <line number="122" hits="0" branch="True" condition-coverage="0% (0/2)">
              <conditions>
                <condition number="817" type="jump" coverage="0%" />
              </conditions>
            </line>
            <line number="123" hits="0" branch="False" />
            <line number="126" hits="0" branch="False" />
            <line number="127" hits="0" branch="False" />
            <line number="129" hits="0" branch="False" />
            <line number="130" hits="0" branch="False" />
            <line number="131" hits="0" branch="False" />
            <line number="132" hits="0" branch="False" />
            <line number="133" hits="0" branch="False" />
            <line number="135" hits="0" branch="False" />
            <line number="136" hits="0" branch="False" />
          </lines>
        </class>
        <class name="Quater.Backend.Api.Middleware.GlobalExceptionHandlerMiddleware/&lt;InvokeAsync&gt;d__4" filename="Middleware/GlobalExceptionHandlerMiddleware.cs" line-rate="0.5555" branch-rate="1" complexity="1">
          <methods>
            <method name="MoveNext" signature="()" line-rate="0.5555" branch-rate="1" complexity="1">
              <lines>
                <line number="30" hits="99" branch="False" />
                <line number="32" hits="99" branch="False" />
                <line number="33" hits="99" branch="False" />
                <line number="34" hits="99" branch="False" />
                <line number="35" hits="0" branch="False" />
                <line number="36" hits="0" branch="False" />
                <line number="37" hits="0" branch="False" />
                <line number="38" hits="0" branch="False" />
                <line number="39" hits="99" branch="False" />
              </lines>
            </method>
          </methods>
          <lines>
            <line number="30" hits="99" branch="False" />
            <line number="32" hits="99" branch="False" />
            <line number="33" hits="99" branch="False" />
            <line number="34" hits="99" branch="False" />
            <line number="35" hits="0" branch="False" />
            <line number="36" hits="0" branch="False" />
            <line number="37" hits="0" branch="False" />
            <line number="38" hits="0" branch="False" />
            <line number="39" hits="99" branch="False" />
          </lines>
        </class>
        <class name="Quater.Backend.Api.Middleware.ErrorResponse" filename="Middleware/GlobalExceptionHandlerMiddleware.cs" line-rate="0" branch-rate="1" complexity="7">
          <methods>
            <method name="get_StatusCode" signature="()" line-rate="0" branch-rate="1" complexity="1">
              <lines>
                <line number="147" hits="0" branch="False" />
              </lines>
            </method>
            <method name="get_Message" signature="()" line-rate="0" branch-rate="1" complexity="1">
              <lines>
                <line number="152" hits="0" branch="False" />
              </lines>
            </method>
            <method name="get_Errors" signature="()" line-rate="0" branch-rate="1" complexity="1">
              <lines>
                <line number="157" hits="0" branch="False" />
              </lines>
            </method>
            <method name="get_TraceId" signature="()" line-rate="0" branch-rate="1" complexity="1">
              <lines>
                <line number="162" hits="0" branch="False" />
              </lines>
            </method>
            <method name="get_Timestamp" signature="()" line-rate="0" branch-rate="1" complexity="1">
              <lines>
                <line number="167" hits="0" branch="False" />
              </lines>
            </method>
            <method name="get_StackTrace" signature="()" line-rate="0" branch-rate="1" complexity="1">
              <lines>
                <line number="172" hits="0" branch="False" />
              </lines>
            </method>
            <method name="get_InnerException" signature="()" line-rate="0" branch-rate="1" complexity="1">
              <lines>
                <line number="177" hits="0" branch="False" />
              </lines>
            </method>
          </methods>
          <lines>
            <line number="147" hits="0" branch="False" />
            <line number="152" hits="0" branch="False" />
            <line number="157" hits="0" branch="False" />
            <line number="162" hits="0" branch="False" />
            <line number="167" hits="0" branch="False" />
            <line number="172" hits="0" branch="False" />
            <line number="177" hits="0" branch="False" />
          </lines>
        </class>
        <class name="Quater.Backend.Api.Middleware.GlobalExceptionHandlerMiddlewareExtensions" filename="Middleware/GlobalExceptionHandlerMiddleware.cs" line-rate="1" branch-rate="1" complexity="1">
          <methods>
            <method name="UseGlobalExceptionHandler" signature="(Microsoft.AspNetCore.Builder.IApplicationBuilder)" line-rate="1" branch-rate="1" complexity="1">
              <lines>
                <line number="189" hits="4" branch="False" />
                <line number="190" hits="4" branch="False" />
                <line number="191" hits="4" branch="False" />
              </lines>
            </method>
          </methods>
          <lines>
            <line number="189" hits="4" branch="False" />
            <line number="190" hits="4" branch="False" />
            <line number="191" hits="4" branch="False" />
          </lines>
        </class>
        <class name="Quater.Backend.Api.Middleware.LabContextMiddleware" filename="Middleware/LabContextMiddleware.cs" line-rate="1" branch-rate="1" complexity="1">
          <methods>
            <method name=".ctor" signature="(Microsoft.AspNetCore.Http.RequestDelegate,Microsoft.Extensions.Logging.ILogger`1&lt;Quater.Backend.Api.Middleware.LabContextMiddleware&gt;)" line-rate="1" branch-rate="1" complexity="1">
              <lines>
                <line number="13" hits="4" branch="False" />
                <line number="14" hits="4" branch="False" />
                <line number="15" hits="4" branch="False" />
              </lines>
            </method>
          </methods>
          <lines>
            <line number="13" hits="4" branch="False" />
            <line number="14" hits="4" branch="False" />
            <line number="15" hits="4" branch="False" />
          </lines>
        </class>
        <class name="Quater.Backend.Api.Middleware.LabContextMiddleware/&lt;InvokeAsync&gt;d__3" filename="Middleware/LabContextMiddleware.cs" line-rate="1" branch-rate="1" complexity="10">
          <methods>
            <method name="MoveNext" signature="()" line-rate="1" branch-rate="1" complexity="10">
              <lines>
                <line number="23" hits="95" branch="False" />
                <line number="24" hits="95" branch="False" />
                <line number="27" hits="95" branch="True" condition-coverage="100% (4/4)">
                  <conditions>
                    <condition number="67" type="jump" coverage="100%" />
                    <condition number="91" type="jump" coverage="100%" />
                  </conditions>
                </line>
                <line number="28" hits="15" branch="False" />
                <line number="29" hits="15" branch="True" condition-coverage="100% (2/2)">
                  <conditions>
                    <condition number="115" type="jump" coverage="100%" />
                  </conditions>
                </line>
                <line number="30" hits="3" branch="False" />
                <line number="31" hits="3" branch="False" />
                <line number="33" hits="3" branch="False" />
                <line number="34" hits="3" branch="False" />
                <line number="35" hits="3" branch="False" />
                <line number="37" hits="3" branch="False" />
                <line number="38" hits="3" branch="False" />
                <line number="41" hits="12" branch="False" />
                <line number="43" hits="12" branch="True" condition-coverage="100% (4/4)">
                  <conditions>
                    <condition number="351" type="jump" coverage="100%" />
                    <condition number="377" type="jump" coverage="100%" />
                  </conditions>
                </line>
                <line number="44" hits="7" branch="False" />
                <line number="46" hits="7" branch="False" />
                <line number="48" hits="7" branch="False" />
                <line number="49" hits="7" branch="False" />
                <line number="50" hits="7" branch="False" />
                <line number="51" hits="7" branch="False" />
                <line number="52" hits="7" branch="False" />
                <line number="53" hits="12" branch="False" />
                <line number="55" hits="92" branch="False" />
                <line number="56" hits="95" branch="False" />
              </lines>
            </method>
          </methods>
          <lines>
            <line number="23" hits="95" branch="False" />
            <line number="24" hits="95" branch="False" />
            <line number="27" hits="95" branch="True" condition-coverage="100% (4/4)">
              <conditions>
                <condition number="67" type="jump" coverage="100%" />
                <condition number="91" type="jump" coverage="100%" />
              </conditions>
            </line>
            <line number="28" hits="15" branch="False" />
            <line number="29" hits="15" branch="True" condition-coverage="100% (2/2)">
              <conditions>
                <condition number="115" type="jump" coverage="100%" />
              </conditions>
            </line>
            <line number="30" hits="3" branch="False" />
            <line number="31" hits="3" branch="False" />
            <line number="33" hits="3" branch="False" />
            <line number="34" hits="3" branch="False" />
            <line number="35" hits="3" branch="False" />
            <line number="37" hits="3" branch="False" />
            <line number="38" hits="3" branch="False" />
            <line number="41" hits="12" branch="False" />
            <line number="43" hits="12" branch="True" condition-coverage="100% (4/4)">
              <conditions>
                <condition number="351" type="jump" coverage="100%" />
                <condition number="377" type="jump" coverage="100%" />
              </conditions>
            </line>
            <line number="44" hits="7" branch="False" />
            <line number="46" hits="7" branch="False" />
            <line number="48" hits="7" branch="False" />
            <line number="49" hits="7" branch="False" />
            <line number="50" hits="7" branch="False" />
            <line number="51" hits="7" branch="False" />
            <line number="52" hits="7" branch="False" />
            <line number="53" hits="12" branch="False" />
            <line number="55" hits="92" branch="False" />
            <line number="56" hits="95" branch="False" />
          </lines>
        </class>
        <class name="Quater.Backend.Api.Middleware.LabContextMiddlewareExtensions" filename="Middleware/LabContextMiddleware.cs" line-rate="1" branch-rate="1" complexity="1">
          <methods>
            <method name="UseLabContext" signature="(Microsoft.AspNetCore.Builder.IApplicationBuilder)" line-rate="1" branch-rate="1" complexity="1">
              <lines>
                <line number="68" hits="4" branch="False" />
                <line number="69" hits="4" branch="False" />
                <line number="70" hits="4" branch="False" />
              </lines>
            </method>
          </methods>
          <lines>
            <line number="68" hits="4" branch="False" />
            <line number="69" hits="4" branch="False" />
            <line number="70" hits="4" branch="False" />
          </lines>
        </class>
        <class name="Quater.Backend.Api.Middleware.RateLimitingMiddleware" filename="Middleware/RateLimitingMiddleware.cs" line-rate="0.75" branch-rate="0.3333" complexity="27">
          <methods>
            <method name="GetIpAddress" signature="(Microsoft.AspNetCore.Http.HttpContext)" line-rate="1" branch-rate="0.75" complexity="4">
              <lines>
                <line number="304" hits="19" branch="False" />
                <line number="305" hits="19" branch="True" condition-coverage="75% (3/4)">
                  <conditions>
                    <condition number="13" type="jump" coverage="50%" />
                    <condition number="25" type="jump" coverage="100%" />
                  </conditions>
                </line>
                <line number="306" hits="19" branch="False" />
                <line number="307" hits="19" branch="False" />
              </lines>
            </method>
            <method name="GetUserId" signature="(Microsoft.AspNetCore.Http.HttpContext)" line-rate="0" branch-rate="0" complexity="8">
              <lines>
                <line number="313" hits="0" branch="False" />
                <line number="314" hits="0" branch="True" condition-coverage="0% (0/4)">
                  <conditions>
                    <condition number="13" type="jump" coverage="0%" />
                    <condition number="29" type="jump" coverage="0%" />
                  </conditions>
                </line>
                <line number="315" hits="0" branch="False" />
                <line number="316" hits="0" branch="False" />
                <line number="319" hits="0" branch="True" condition-coverage="0% (0/2)">
                  <conditions>
                    <condition number="53" type="jump" coverage="0%" />
                  </conditions>
                </line>
                <line number="321" hits="0" branch="True" condition-coverage="0% (0/2)">
                  <conditions>
                    <condition number="71" type="jump" coverage="0%" />
                  </conditions>
                </line>
                <line number="322" hits="0" branch="False" />
              </lines>
            </method>
            <method name="GetClientIdentifier" signature="(Microsoft.AspNetCore.Http.HttpContext)" line-rate="0.4545" branch-rate="0.41659999999999997" complexity="12">
              <lines>
                <line number="382" hits="80" branch="False" />
                <line number="384" hits="80" branch="True" condition-coverage="50% (2/4)">
                  <conditions>
                    <condition number="13" type="jump" coverage="50%" />
                    <condition number="26" type="jump" coverage="50%" />
                  </conditions>
                </line>
                <line number="385" hits="0" branch="False" />
                <line number="386" hits="0" branch="True" condition-coverage="0% (0/2)">
                  <conditions>
                    <condition number="46" type="jump" coverage="0%" />
                  </conditions>
                </line>
                <line number="387" hits="0" branch="True" condition-coverage="0% (0/2)">
                  <conditions>
                    <condition number="69" type="jump" coverage="0%" />
                  </conditions>
                </line>
                <line number="388" hits="0" branch="False" />
                <line number="389" hits="0" branch="False" />
                <line number="391" hits="0" branch="False" />
                <line number="394" hits="80" branch="True" condition-coverage="75% (3/4)">
                  <conditions>
                    <condition number="100" type="jump" coverage="50%" />
                    <condition number="112" type="jump" coverage="100%" />
                  </conditions>
                </line>
                <line number="395" hits="80" branch="False" />
                <line number="396" hits="80" branch="False" />
              </lines>
            </method>
            <method name="AddRateLimitHeaders" signature="(Microsoft.AspNetCore.Http.HttpResponse,System.Int64,System.Int64,System.Int64)" line-rate="1" branch-rate="1" complexity="1">
              <lines>
                <line number="402" hits="99" branch="False" />
                <line number="403" hits="99" branch="False" />
                <line number="404" hits="99" branch="False" />
                <line number="405" hits="99" branch="False" />
                <line number="406" hits="99" branch="False" />
              </lines>
            </method>
            <method name=".ctor" signature="(Microsoft.AspNetCore.Http.RequestDelegate,StackExchange.Redis.IConnectionMultiplexer,Microsoft.Extensions.Logging.ILogger`1&lt;Quater.Backend.Api.Middleware.RateLimitingMiddleware&gt;,Microsoft.Extensions.Configuration.IConfiguration)" line-rate="1" branch-rate="1" complexity="1">
              <lines>
                <line number="51" hits="4" branch="False" />
                <line number="52" hits="4" branch="False" />
                <line number="53" hits="4" branch="False" />
                <line number="54" hits="4" branch="False" />
                <line number="55" hits="4" branch="False" />
                <line number="56" hits="4" branch="False" />
                <line number="57" hits="4" branch="False" />
                <line number="58" hits="4" branch="False" />
                <line number="59" hits="4" branch="False" />
                <line number="62" hits="4" branch="False" />
                <line number="63" hits="4" branch="False" />
                <line number="64" hits="4" branch="False" />
                <line number="66" hits="4" branch="False" />
                <line number="67" hits="4" branch="False" />
                <line number="68" hits="4" branch="False" />
                <line number="69" hits="4" branch="False" />
                <line number="70" hits="4" branch="False" />
              </lines>
            </method>
            <method name=".cctor" signature="()" line-rate="1" branch-rate="1" complexity="1">
              <lines>
                <line number="42" hits="1" branch="False" />
                <line number="43" hits="1" branch="False" />
                <line number="44" hits="1" branch="False" />
                <line number="45" hits="1" branch="False" />
                <line number="46" hits="1" branch="False" />
                <line number="47" hits="1" branch="False" />
                <line number="48" hits="1" branch="False" />
                <line number="49" hits="1" branch="False" />
              </lines>
            </method>
          </methods>
          <lines>
            <line number="304" hits="19" branch="False" />
            <line number="305" hits="19" branch="True" condition-coverage="75% (3/4)">
              <conditions>
                <condition number="13" type="jump" coverage="50%" />
                <condition number="25" type="jump" coverage="100%" />
              </conditions>
            </line>
            <line number="306" hits="19" branch="False" />
            <line number="307" hits="19" branch="False" />
            <line number="313" hits="0" branch="False" />
            <line number="314" hits="0" branch="True" condition-coverage="0% (0/4)">
              <conditions>
                <condition number="13" type="jump" coverage="0%" />
                <condition number="29" type="jump" coverage="0%" />
              </conditions>
            </line>
            <line number="315" hits="0" branch="False" />
            <line number="316" hits="0" branch="False" />
            <line number="319" hits="0" branch="True" condition-coverage="0% (0/2)">
              <conditions>
                <condition number="53" type="jump" coverage="0%" />
              </conditions>
            </line>
            <line number="321" hits="0" branch="True" condition-coverage="0% (0/2)">
              <conditions>
                <condition number="71" type="jump" coverage="0%" />
              </conditions>
            </line>
            <line number="322" hits="0" branch="False" />
            <line number="382" hits="80" branch="False" />
            <line number="384" hits="80" branch="True" condition-coverage="50% (2/4)">
              <conditions>
                <condition number="13" type="jump" coverage="50%" />
                <condition number="26" type="jump" coverage="50%" />
              </conditions>
            </line>
            <line number="385" hits="0" branch="False" />
            <line number="386" hits="0" branch="True" condition-coverage="0% (0/2)">
              <conditions>
                <condition number="46" type="jump" coverage="0%" />
              </conditions>
            </line>
            <line number="387" hits="0" branch="True" condition-coverage="0% (0/2)">
              <conditions>
                <condition number="69" type="jump" coverage="0%" />
              </conditions>
            </line>
            <line number="388" hits="0" branch="False" />
            <line number="389" hits="0" branch="False" />
            <line number="391" hits="0" branch="False" />
            <line number="394" hits="80" branch="True" condition-coverage="75% (3/4)">
              <conditions>
                <condition number="100" type="jump" coverage="50%" />
                <condition number="112" type="jump" coverage="100%" />
              </conditions>
            </line>
            <line number="395" hits="80" branch="False" />
            <line number="396" hits="80" branch="False" />
            <line number="402" hits="99" branch="False" />
            <line number="403" hits="99" branch="False" />
            <line number="404" hits="99" branch="False" />
            <line number="405" hits="99" branch="False" />
            <line number="406" hits="99" branch="False" />
            <line number="51" hits="4" branch="False" />
            <line number="52" hits="4" branch="False" />
            <line number="53" hits="4" branch="False" />
            <line number="54" hits="4" branch="False" />
            <line number="55" hits="4" branch="False" />
            <line number="56" hits="4" branch="False" />
            <line number="57" hits="4" branch="False" />
            <line number="58" hits="4" branch="False" />
            <line number="59" hits="4" branch="False" />
            <line number="62" hits="4" branch="False" />
            <line number="63" hits="4" branch="False" />
            <line number="64" hits="4" branch="False" />
            <line number="66" hits="4" branch="False" />
            <line number="67" hits="4" branch="False" />
            <line number="68" hits="4" branch="False" />
            <line number="69" hits="4" branch="False" />
            <line number="70" hits="4" branch="False" />
            <line number="42" hits="1" branch="False" />
            <line number="43" hits="1" branch="False" />
            <line number="44" hits="1" branch="False" />
            <line number="45" hits="1" branch="False" />
            <line number="46" hits="1" branch="False" />
            <line number="47" hits="1" branch="False" />
            <line number="48" hits="1" branch="False" />
            <line number="49" hits="1" branch="False" />
          </lines>
        </class>
        <class name="Quater.Backend.Api.Middleware.RateLimitingMiddleware/&lt;&gt;c__DisplayClass11_1" filename="Middleware/RateLimitingMiddleware.cs" line-rate="1" branch-rate="1" complexity="1">
          <methods>
            <method name="&lt;ApplyGlobalRateLimitAsync&gt;b__0" signature="()" line-rate="1" branch-rate="1" complexity="1">
              <lines>
                <line number="159" hits="80" branch="False" />
                <line number="160" hits="80" branch="False" />
                <line number="161" hits="80" branch="False" />
                <line number="162" hits="160" branch="False" />
              </lines>
            </method>
          </methods>
          <lines>
            <line number="159" hits="80" branch="False" />
            <line number="160" hits="80" branch="False" />
            <line number="161" hits="80" branch="False" />
            <line number="162" hits="160" branch="False" />
          </lines>
        </class>
        <class name="Quater.Backend.Api.Middleware.RateLimitingMiddleware/&lt;&gt;c__DisplayClass12_1" filename="Middleware/RateLimitingMiddleware.cs" line-rate="1" branch-rate="1" complexity="1">
          <methods>
            <method name="&lt;ApplyEndpointRateLimitAsync&gt;b__0" signature="()" line-rate="1" branch-rate="1" complexity="1">
              <lines>
                <line number="276" hits="19" branch="False" />
                <line number="277" hits="19" branch="False" />
                <line number="278" hits="19" branch="False" />
                <line number="279" hits="38" branch="False" />
              </lines>
            </method>
          </methods>
          <lines>
            <line number="276" hits="19" branch="False" />
            <line number="277" hits="19" branch="False" />
            <line number="278" hits="19" branch="False" />
            <line number="279" hits="38" branch="False" />
          </lines>
        </class>
        <class name="Quater.Backend.Api.Middleware.RateLimitingMiddleware/&lt;ApplyEndpointRateLimitAsync&gt;d__12" filename="Middleware/RateLimitingMiddleware.cs" line-rate="0.3766" branch-rate="0.44439999999999996" complexity="18">
          <methods>
            <method name="MoveNext" signature="()" line-rate="0.3766" branch-rate="0.44439999999999996" complexity="18">
              <lines>
                <line number="194" hits="19" branch="False" />
                <line number="198" hits="19" branch="False" />
                <line number="200" hits="19" branch="True" condition-coverage="25% (1/4)">
                  <conditions>
                    <condition number="203" type="switch" coverage="25%" />
                  </conditions>
                </line>
                <line number="201" hits="19" branch="False" />
                <line number="202" hits="19" branch="False" />
                <line number="203" hits="0" branch="False" />
                <line number="204" hits="0" branch="False" />
                <line number="205" hits="0" branch="False" />
                <line number="206" hits="19" branch="False" />
                <line number="208" hits="19" branch="True" condition-coverage="50% (1/2)">
                  <conditions>
                    <condition number="468" type="jump" coverage="50%" />
                  </conditions>
                </line>
                <line number="209" hits="0" branch="False" />
[...]
          </methods>
          <lines>
            <line number="129" hits="0" branch="False" />
            <line number="131" hits="0" branch="False" />
            <line number="132" hits="0" branch="False" />
            <line number="134" hits="0" branch="False" />
            <line number="135" hits="0" branch="False" />
            <line number="136" hits="0" branch="False" />
            <line number="138" hits="0" branch="False" />
            <line number="139" hits="0" branch="False" />
            <line number="140" hits="0" branch="False" />
            <line number="141" hits="0" branch="False" />
            <line number="143" hits="0" branch="False" />
            <line number="144" hits="0" branch="False" />
            <line number="145" hits="0" branch="False" />
            <line number="146" hits="0" branch="False" />
            <line number="148" hits="0" branch="False" />
            <line number="149" hits="0" branch="False" />
            <line number="150" hits="0" branch="False" />
            <line number="151" hits="0" branch="False" />
            <line number="153" hits="0" branch="False" />
          </lines>
        </class>
        <class name="Quater.Backend.Api.Controllers.VersionController" filename="Controllers/VersionController.cs" line-rate="0" branch-rate="0" complexity="16">
          <methods>
            <method name="Get" signature="()" line-rate="0" branch-rate="0" complexity="16">
              <lines>
                <line number="12" hits="0" branch="False" />
                <line number="14" hits="0" branch="True" condition-coverage="0% (0/6)">
                  <conditions>
                    <condition number="12" type="jump" coverage="0%" />
                    <condition number="24" type="jump" coverage="0%" />
                    <condition number="43" type="jump" coverage="0%" />
                  </conditions>
                </line>
                <line number="15" hits="0" branch="False" />
                <line number="16" hits="0" branch="False" />
                <line number="17" hits="0" branch="False" />
                <line number="20" hits="0" branch="False" />
                <line number="22" hits="0" branch="True" condition-coverage="0% (0/4)">
                  <conditions>
                    <condition number="72" type="jump" coverage="0%" />
                    <condition number="87" type="jump" coverage="0%" />
                  </conditions>
                </line>
                <line number="23" hits="0" branch="False" />
                <line number="24" hits="0" branch="False" />
                <line number="25" hits="0" branch="False" />
                <line number="28" hits="0" branch="True" condition-coverage="0% (0/2)">
                  <conditions>
                    <condition number="103" type="jump" coverage="0%" />
                  </conditions>
                </line>
                <line number="29" hits="0" branch="True" condition-coverage="0% (0/2)">
                  <conditions>
                    <condition number="119" type="jump" coverage="0%" />
                  </conditions>
                </line>
                <line number="31" hits="0" branch="True" condition-coverage="0% (0/2)">
                  <conditions>
                    <condition number="147" type="jump" coverage="0%" />
                  </conditions>
                </line>
                <line number="32" hits="0" branch="False" />
                <line number="33" hits="0" branch="False" />
                <line number="34" hits="0" branch="False" />
                <line number="35" hits="0" branch="False" />
                <line number="36" hits="0" branch="False" />
                <line number="37" hits="0" branch="False" />
                <line number="38" hits="0" branch="False" />
              </lines>
            </method>
          </methods>
          <lines>
            <line number="12" hits="0" branch="False" />
            <line number="14" hits="0" branch="True" condition-coverage="0% (0/6)">
              <conditions>
                <condition number="12" type="jump" coverage="0%" />
                <condition number="24" type="jump" coverage="0%" />
                <condition number="43" type="jump" coverage="0%" />
              </conditions>
            </line>
            <line number="15" hits="0" branch="False" />
            <line number="16" hits="0" branch="False" />
            <line number="17" hits="0" branch="False" />
            <line number="20" hits="0" branch="False" />
            <line number="22" hits="0" branch="True" condition-coverage="0% (0/4)">
              <conditions>
                <condition number="72" type="jump" coverage="0%" />
                <condition number="87" type="jump" coverage="0%" />
              </conditions>
            </line>
            <line number="23" hits="0" branch="False" />
            <line number="24" hits="0" branch="False" />
            <line number="25" hits="0" branch="False" />
            <line number="28" hits="0" branch="True" condition-coverage="0% (0/2)">
              <conditions>
                <condition number="103" type="jump" coverage="0%" />
              </conditions>
            </line>
            <line number="29" hits="0" branch="True" condition-coverage="0% (0/2)">
              <conditions>
                <condition number="119" type="jump" coverage="0%" />
              </conditions>
            </line>
            <line number="31" hits="0" branch="True" condition-coverage="0% (0/2)">
              <conditions>
                <condition number="147" type="jump" coverage="0%" />
              </conditions>
            </line>
            <line number="32" hits="0" branch="False" />
            <line number="33" hits="0" branch="False" />
            <line number="34" hits="0" branch="False" />
            <line number="35" hits="0" branch="False" />
            <line number="36" hits="0" branch="False" />
            <line number="37" hits="0" branch="False" />
            <line number="38" hits="0" branch="False" />
          </lines>
        </class>
        <class name="Quater.Backend.Api.Authorization.LabContextRoleRequirement" filename="Authorization/LabContextAuthorizationHandler.cs" line-rate="1" branch-rate="1" complexity="2">
          <methods>
            <method name="get_MinimumRole" signature="()" line-rate="1" branch-rate="1" complexity="1">
              <lines>
                <line number="17" hits="34" branch="False" />
              </lines>
            </method>
            <method name=".ctor" signature="(Quater.Shared.Enums.UserRole)" line-rate="1" branch-rate="1" complexity="1">
              <lines>
                <line number="15" hits="12" branch="False" />
              </lines>
            </method>
          </methods>
          <lines>
            <line number="17" hits="34" branch="False" />
            <line number="15" hits="12" branch="False" />
          </lines>
        </class>
        <class name="Quater.Backend.Api.Authorization.LabContextAuthorizationHandler" filename="Authorization/LabContextAuthorizationHandler.cs" line-rate="1" branch-rate="1" complexity="1">
          <methods>
            <method name=".ctor" signature="(Quater.Backend.Core.Interfaces.ILabContextAccessor,Quater.Backend.Data.QuaterDbContext,Microsoft.AspNetCore.Http.IHttpContextAccessor,Microsoft.Extensions.Logging.ILogger`1&lt;Quater.Backend.Api.Authorization.LabContextAuthorizationHandler&gt;)" line-rate="1" branch-rate="1" complexity="1">
              <lines>
                <line number="24" hits="95" branch="False" />
                <line number="25" hits="95" branch="False" />
                <line number="26" hits="95" branch="False" />
                <line number="27" hits="95" branch="False" />
                <line number="28" hits="95" branch="False" />
              </lines>
            </method>
          </methods>
          <lines>
            <line number="24" hits="95" branch="False" />
            <line number="25" hits="95" branch="False" />
            <line number="26" hits="95" branch="False" />
            <line number="27" hits="95" branch="False" />
            <line number="28" hits="95" branch="False" />
          </lines>
        </class>
        <class name="Quater.Backend.Api.Authorization.LabContextAuthorizationHandler/&lt;HandleRequirementAsync&gt;d__5" filename="Authorization/LabContextAuthorizationHandler.cs" line-rate="0.7321" branch-rate="0.7142000000000001" complexity="14">
          <methods>
            <method name="MoveNext" signature="()" line-rate="0.7321" branch-rate="0.7142000000000001" complexity="14">
              <lines>
                <line number="34" hits="22" branch="False" />
                <line number="36" hits="22" branch="True" condition-coverage="100% (2/2)">
                  <conditions>
                    <condition number="64" type="jump" coverage="100%" />
                  </conditions>
                </line>
                <line number="37" hits="4" branch="False" />
                <line number="38" hits="4" branch="False" />
                <line number="39" hits="4" branch="False" />
                <line number="40" hits="4" branch="False" />
                <line number="44" hits="18" branch="True" condition-coverage="100% (2/2)">
                  <conditions>
                    <condition number="146" type="jump" coverage="100%" />
                  </conditions>
                </line>
                <line number="45" hits="7" branch="False" />
                <line number="46" hits="7" branch="False" />
                <line number="47" hits="7" branch="False" />
                <line number="48" hits="7" branch="False" />
                <line number="52" hits="11" branch="False" />
                <line number="53" hits="11" branch="True" condition-coverage="50% (1/2)">
                  <conditions>
                    <condition number="244" type="jump" coverage="50%" />
                  </conditions>
                </line>
                <line number="54" hits="0" branch="False" />
                <line number="55" hits="0" branch="False" />
                <line number="56" hits="0" branch="False" />
                <line number="57" hits="0" branch="False" />
                <line number="60" hits="11" branch="False" />
                <line number="61" hits="11" branch="True" condition-coverage="50% (2/4)">
                  <conditions>
                    <condition number="345" type="jump" coverage="50%" />
                    <condition number="379" type="jump" coverage="50%" />
                  </conditions>
                </line>
                <line number="62" hits="0" branch="False" />
                <line number="63" hits="0" branch="False" />
                <line number="64" hits="0" branch="False" />
                <line number="65" hits="0" branch="False" />
                <line number="69" hits="11" branch="False" />
                <line number="70" hits="11" branch="False" />
                <line number="71" hits="11" branch="False" />
                <line number="74" hits="11" branch="True" condition-coverage="50% (1/2)">
                  <conditions>
                    <condition number="855" type="jump" coverage="50%" />
                  </conditions>
                </line>
                <line number="75" hits="0" branch="False" />
                <line number="76" hits="0" branch="False" />
                <line number="77" hits="0" branch="False" />
                <line number="78" hits="0" branch="False" />
                <line number="79" hits="0" branch="False" />
                <line number="80" hits="0" branch="False" />
                <line number="81" hits="0" branch="False" />
                <line number="85" hits="11" branch="False" />
                <line number="88" hits="11" branch="False" />
                <line number="90" hits="11" branch="True" condition-coverage="100% (2/2)">
                  <conditions>
                    <condition number="1065" type="jump" coverage="100%" />
                  </conditions>
                </line>
                <line number="91" hits="8" branch="False" />
                <line number="92" hits="8" branch="False" />
                <line number="93" hits="8" branch="False" />
                <line number="94" hits="8" branch="False" />
                <line number="95" hits="8" branch="False" />
                <line number="96" hits="8" branch="False" />
                <line number="97" hits="8" branch="False" />
                <line number="98" hits="8" branch="False" />
                <line number="99" hits="8" branch="False" />
                <line number="101" hits="3" branch="False" />
                <line number="102" hits="3" branch="False" />
                <line number="103" hits="3" branch="False" />
                <line number="104" hits="3" branch="False" />
                <line number="105" hits="3" branch="False" />
                <line number="106" hits="3" branch="False" />
                <line number="107" hits="3" branch="False" />
                <line number="108" hits="3" branch="False" />
                <line number="109" hits="3" branch="False" />
                <line number="110" hits="22" branch="False" />
              </lines>
            </method>
          </methods>
          <lines>
            <line number="34" hits="22" branch="False" />
            <line number="36" hits="22" branch="True" condition-coverage="100% (2/2)">
              <conditions>
                <condition number="64" type="jump" coverage="100%" />
              </conditions>
            </line>
            <line number="37" hits="4" branch="False" />
            <line number="38" hits="4" branch="False" />
            <line number="39" hits="4" branch="False" />
            <line number="40" hits="4" branch="False" />
            <line number="44" hits="18" branch="True" condition-coverage="100% (2/2)">
              <conditions>
                <condition number="146" type="jump" coverage="100%" />
              </conditions>
            </line>
            <line number="45" hits="7" branch="False" />
            <line number="46" hits="7" branch="False" />
            <line number="47" hits="7" branch="False" />
            <line number="48" hits="7" branch="False" />
            <line number="52" hits="11" branch="False" />
            <line number="53" hits="11" branch="True" condition-coverage="50% (1/2)">
              <conditions>
                <condition number="244" type="jump" coverage="50%" />
              </conditions>
            </line>
            <line number="54" hits="0" branch="False" />
            <line number="55" hits="0" branch="False" />
            <line number="56" hits="0" branch="False" />
            <line number="57" hits="0" branch="False" />
            <line number="60" hits="11" branch="False" />
            <line number="61" hits="11" branch="True" condition-coverage="50% (2/4)">
              <conditions>
                <condition number="345" type="jump" coverage="50%" />
                <condition number="379" type="jump" coverage="50%" />
              </conditions>
            </line>
            <line number="62" hits="0" branch="False" />
            <line number="63" hits="0" branch="False" />
            <line number="64" hits="0" branch="False" />
            <line number="65" hits="0" branch="False" />
            <line number="69" hits="11" branch="False" />
            <line number="70" hits="11" branch="False" />
            <line number="71" hits="11" branch="False" />
            <line number="74" hits="11" branch="True" condition-coverage="50% (1/2)">
              <conditions>
                <condition number="855" type="jump" coverage="50%" />
              </conditions>
            </line>
            <line number="75" hits="0" branch="False" />
            <line number="76" hits="0" branch="False" />
            <line number="77" hits="0" branch="False" />
            <line number="78" hits="0" branch="False" />
            <line number="79" hits="0" branch="False" />
            <line number="80" hits="0" branch="False" />
            <line number="81" hits="0" branch="False" />
            <line number="85" hits="11" branch="False" />
            <line number="88" hits="11" branch="False" />
            <line number="90" hits="11" branch="True" condition-coverage="100% (2/2)">
              <conditions>
                <condition number="1065" type="jump" coverage="100%" />
              </conditions>
            </line>
            <line number="91" hits="8" branch="False" />
            <line number="92" hits="8" branch="False" />
            <line number="93" hits="8" branch="False" />
            <line number="94" hits="8" branch="False" />
            <line number="95" hits="8" branch="False" />
            <line number="96" hits="8" branch="False" />
            <line number="97" hits="8" branch="False" />
            <line number="98" hits="8" branch="False" />
            <line number="99" hits="8" branch="False" />
            <line number="101" hits="3" branch="False" />
            <line number="102" hits="3" branch="False" />
            <line number="103" hits="3" branch="False" />
            <line number="104" hits="3" branch="False" />
            <line number="105" hits="3" branch="False" />
            <line number="106" hits="3" branch="False" />
            <line number="107" hits="3" branch="False" />
            <line number="108" hits="3" branch="False" />
            <line number="109" hits="3" branch="False" />
            <line number="110" hits="22" branch="False" />
          </lines>
        </class>
        <class name="Quater.Backend.Api.Attributes.EndpointRateLimitAttribute" filename="Attributes/EndpointRateLimitAttribute.cs" line-rate="1" branch-rate="1" complexity="4">
          <methods>
            <method name="get_Requests" signature="()" line-rate="1" branch-rate="1" complexity="1">
              <lines>
                <line number="17" hits="57" branch="False" />
              </lines>
            </method>
            <method name="get_WindowMinutes" signature="()" line-rate="1" branch-rate="1" complexity="1">
              <lines>
                <line number="22" hits="19" branch="False" />
              </lines>
            </method>
            <method name="get_TrackBy" signature="()" line-rate="1" branch-rate="1" complexity="1">
              <lines>
                <line number="27" hits="19" branch="False" />
              </lines>
            </method>
            <method name=".ctor" signature="(System.Int32,System.Int32,Quater.Backend.Api.Attributes.RateLimitTrackBy)" line-rate="1" branch-rate="1" complexity="1">
              <lines>
                <line number="35" hits="24" branch="False" />
                <line number="36" hits="24" branch="False" />
                <line number="37" hits="24" branch="False" />
                <line number="38" hits="24" branch="False" />
                <line number="39" hits="24" branch="False" />
                <line number="40" hits="24" branch="False" />
              </lines>
            </method>
          </methods>
          <lines>
            <line number="17" hits="57" branch="False" />
            <line number="22" hits="19" branch="False" />
            <line number="27" hits="19" branch="False" />
            <line number="35" hits="24" branch="False" />
            <line number="36" hits="24" branch="False" />
            <line number="37" hits="24" branch="False" />
            <line number="38" hits="24" branch="False" />
            <line number="39" hits="24" branch="False" />
            <line number="40" hits="24" branch="False" />
          </lines>
        </class>
      </classes>
    </package>
  </packages>
</coverage>